<?xml version="1.0" encoding="UTF-8"?>
<!-- Generated by org.testng.reporters.JUnitReportReporter -->
<testsuite hostname="LAPTOP-EEAS1CV9" failures="0" tests="5" name="DataProvider.WorkingWithDataProvider" time="14.623" errors="0" timestamp="10 Jul 2024 07:22:00 GMT" skipped="0">
  <testcase classname="DataProvider.WorkingWithDataProvider" name="loginIntoActitime" time="2.524"/>
  <testcase classname="DataProvider.WorkingWithDataProvider" name="loginIntoActitime" time="2.230"/>
  <testcase classname="DataProvider.WorkingWithDataProvider" name="loginIntoActitime" time="2.345"/>
  <testcase classname="DataProvider.WorkingWithDataProvider" name="loginIntoActitime" time="2.501"/>
  <testcase classname="DataProvider.WorkingWithDataProvider" name="loginIntoActitime" time="5.023"/>
</testsuite> <!-- DataProvider.WorkingWithDataProvider -->
