<?xml version="1.0" encoding="UTF-8"?>
<!-- Generated by org.testng.reporters.JUnitReportReporter -->
<testsuite hostname="LAPTOP-EEAS1CV9" failures="0" tests="1" name="TestScript.CreateCustomerAndProject" time="3.628" errors="0" timestamp="10 Jul 2024 05:57:23 GMT" skipped="0">
  <testcase classname="TestScript.CreateCustomerAndProject" name="createCustomerAndProject" time="3.628"/>
</testsuite> <!-- TestScript.CreateCustomerAndProject -->
