<?xml version="1.0" encoding="UTF-8"?>
<!-- Generated by org.testng.reporters.JUnitReportReporter -->
<testsuite hostname="LAPTOP-EEAS1CV9" failures="0" tests="1" name="TestScript.ValidLoginTest" time="1.739" errors="0" timestamp="11 Jul 2024 06:52:38 GMT" skipped="0">
  <testcase classname="TestScript.ValidLoginTest" name="login" time="1.739"/>
</testsuite> <!-- TestScript.ValidLoginTest -->
